<?xml version="1.0" encoding="UTF-8"?>
<!-- Generated by org.testng.reporters.JUnitXMLReporter -->
<testsuite hostname="pritamkx-MOBL1" ignored="0" name="Test" tests="3" failures="1" timestamp="19 Sep 2019 02:44:35 GMT" time="0.106" errors="0">
  <testcase name="m1" time="0.027" classname="com.listener1.Test2"/>
  <testcase name="m2" time="0.008" classname="com.listener1.Test2">
    <failure type="java.lang.AssertionError" message="expected [true] but found [false]">
      <![CDATA[java.lang.AssertionError: expected [true] but found [false]
at com.listener1.Test2.m2(Test2.java:21)
... Removed 29 stack frames]]>
    </failure>
  </testcase> <!-- m2 -->
  <testcase name="sample" time="0.008" classname="com.listener1.Test3"/>
</testsuite> <!-- Test -->
