<?xml version="1.0" encoding="UTF-8"?>
<testng-results skipped="0" failed="0" ignored="0" total="1" passed="1">
  <reporter-output>
    <line>
      <![CDATA[STEP1]]>
    </line>
  </reporter-output>
  <suite name="Suite" duration-ms="36816" started-at="2019-09-30T04:14:06Z" finished-at="2019-09-30T04:14:43Z">
    <groups>
    </groups>
    <test name="Test" duration-ms="36816" started-at="2019-09-30T04:14:06Z" finished-at="2019-09-30T04:14:43Z">
      <class name="com.atuReportTest.ATUDemo">
        <test-method status="PASS" signature="m1()[pri:0, instance:com.atuReportTest.ATUDemo@685cb137]" name="m1" duration-ms="34812" started-at="2019-09-30T04:14:06Z" finished-at="2019-09-30T04:14:41Z">
          <reporter-output>
          </reporter-output>
        </test-method> <!-- m1 -->
        <test-method status="PASS" signature="tearDone(org.testng.ITestResult)[pri:0, instance:com.atuReportTest.ATUDemo@685cb137]" name="tearDone" is-config="true" duration-ms="1788" started-at="2019-09-30T04:14:41Z" finished-at="2019-09-30T04:14:42Z">
          <params>
            <param index="0">
              <value>
                <![CDATA[[TestResult name=m1 status=SUCCESS method=ATUDemo.m1()[pri:0, instance:com.atuReportTest.ATUDemo@685cb137] output={null}]]]>
              </value>
            </param>
          </params>
          <reporter-output>
            <line>
              <![CDATA[STEP1]]>
            </line>
          </reporter-output>
        </test-method> <!-- tearDone -->
      </class> <!-- com.atuReportTest.ATUDemo -->
    </test> <!-- Test -->
  </suite> <!-- Suite -->
</testng-results>
